Arguments: 
  /usr/local/bin/node /usr/local/Cellar/yarn/1.22.18/libexec/bin/yarn.js build --watch

PATH: 
  /Users/aquaman/.rvm/gems/ruby-3.0.0/bin:/Users/aquaman/.rvm/gems/ruby-3.0.0@global/bin:/Users/aquaman/.rvm/rubies/ruby-3.0.0/bin:/Users/aquaman/.rvm/bin:./bin:./node_modules/.bin:/anaconda3/bin:/Users/aquaman/anaconda3/bin:/Users/aquaman/.rbenv/bin:/usr/local/bin:/usr/bin:/bin:/usr/sbin:/sbin:/usr/local/sbin

Yarn version: 
  1.22.18

Node version: 
  14.16.1

Platform: 
  darwin x64

Trace: 
  SyntaxError: /Users/aquaman/code/projects/spinal-care/spinal_care_ror/package.json: Unexpected token } in JSON at position 386
      at JSON.parse (<anonymous>)
      at /usr/local/Cellar/yarn/1.22.18/libexec/lib/cli.js:1625:59
      at Generator.next (<anonymous>)
      at step (/usr/local/Cellar/yarn/1.22.18/libexec/lib/cli.js:310:30)
      at /usr/local/Cellar/yarn/1.22.18/libexec/lib/cli.js:321:13

npm manifest: 
  {
    "name": "app",
    "private": "true",
    "dependencies": {
      "@hotwired/stimulus": "^3.1.0",
      "@hotwired/turbo-rails": "^7.1.3",
      "@popperjs/core": "^2.11.6",
      "bootstrap": "^5.2.0",
      "css": "^3.0.0",
      "esbuild": "^0.15.5",
      "esbuild-rails": "^1.0.3",
      "sass": "^1.54.5",
      "webpack-cli": "^4.10.0"
    },
    "scripts": {
      "build": "node esbuild.config.js",
    }
  }

yarn manifest: 
  No manifest

Lockfile: 
  No lockfile
